{"C:\\Users\\mateo\\OneDrive\\Documentos\\UAI\\7mo Semestre\\Programación profesional\\PROYECTO SEMESTRAL\\FZ_XYZ\\server\\src\\server.ts": {"path":"C:\\Users\\mateo\\OneDrive\\Documentos\\UAI\\7mo Semestre\\Programación profesional\\PROYECTO SEMESTRAL\\FZ_XYZ\\server\\src\\server.ts","statementMap":{"0":{"start":{"line":1,"column":0},"end":{"line":1,"column":30}},"1":{"start":{"line":2,"column":0},"end":{"line":2,"column":29}},"2":{"start":{"line":3,"column":0},"end":{"line":3,"column":46}},"3":{"start":{"line":4,"column":0},"end":{"line":4,"column":48}},"4":{"start":{"line":8,"column":1},"end":{"line":13,"column":2}},"5":{"start":{"line":9,"column":2},"end":{"line":9,"column":26}},"6":{"start":{"line":10,"column":2},"end":{"line":10,"column":12}},"7":{"start":{"line":12,"column":2},"end":{"line":12,"column":38}},"8":{"start":{"line":16,"column":0},"end":{"line":16,"column":12}},"9":{"start":{"line":18,"column":15},"end":{"line":18,"column":24}},"10":{"start":{"line":19,"column":13},"end":{"line":19,"column":28}},"11":{"start":{"line":20,"column":0},"end":{"line":20,"column":19}},"12":{"start":{"line":22,"column":0},"end":{"line":22,"column":27}},"13":{"start":{"line":24,"column":0},"end":{"line":24,"column":36}},"14":{"start":{"line":25,"column":0},"end":{"line":25,"column":38}},"15":{"start":{"line":27,"column":0},"end":{"line":27,"column":22}}},"fnMap":{"0":{"name":"connectDB","decl":{"start":{"line":7,"column":15},"end":{"line":7,"column":24}},"loc":{"start":{"line":7,"column":24},"end":{"line":14,"column":1}}}},"branchMap":{},"s":{"0":1,"1":1,"2":1,"3":1,"4":1,"5":1,"6":1,"7":0,"8":1,"9":1,"10":1,"11":1,"12":1,"13":1,"14":1,"15":1},"f":{"0":1},"b":{}}
,"C:\\Users\\mateo\\OneDrive\\Documentos\\UAI\\7mo Semestre\\Programación profesional\\PROYECTO SEMESTRAL\\FZ_XYZ\\server\\src\\config\\db.ts": {"path":"C:\\Users\\mateo\\OneDrive\\Documentos\\UAI\\7mo Semestre\\Programación profesional\\PROYECTO SEMESTRAL\\FZ_XYZ\\server\\src\\config\\db.ts","statementMap":{"0":{"start":{"line":1,"column":0},"end":{"line":1,"column":49}},"1":{"start":{"line":2,"column":0},"end":{"line":2,"column":28}},"2":{"start":{"line":5,"column":0},"end":{"line":5,"column":16}},"3":{"start":{"line":8,"column":11},"end":{"line":11,"column":2}},"4":{"start":{"line":13,"column":0},"end":{"line":13,"column":18}}},"fnMap":{},"branchMap":{},"s":{"0":1,"1":1,"2":1,"3":1,"4":1},"f":{},"b":{}}
,"C:\\Users\\mateo\\OneDrive\\Documentos\\UAI\\7mo Semestre\\Programación profesional\\PROYECTO SEMESTRAL\\FZ_XYZ\\server\\src\\config\\nodemailer.ts": {"path":"C:\\Users\\mateo\\OneDrive\\Documentos\\UAI\\7mo Semestre\\Programación profesional\\PROYECTO SEMESTRAL\\FZ_XYZ\\server\\src\\config\\nodemailer.ts","statementMap":{"0":{"start":{"line":1,"column":0},"end":{"line":1,"column":36}},"1":{"start":{"line":3,"column":15},"end":{"line":12,"column":1}},"2":{"start":{"line":4,"column":1},"end":{"line":11,"column":3}},"3":{"start":{"line":14,"column":13},"end":{"line":14,"column":64}}},"fnMap":{"0":{"name":"(anonymous_1)","decl":{"start":{"line":3,"column":15},"end":{"line":3,"column":18}},"loc":{"start":{"line":3,"column":20},"end":{"line":12,"column":1}}}},"branchMap":{},"s":{"0":1,"1":1,"2":1,"3":1},"f":{"0":1},"b":{}}
,"C:\\Users\\mateo\\OneDrive\\Documentos\\UAI\\7mo Semestre\\Programación profesional\\PROYECTO SEMESTRAL\\FZ_XYZ\\server\\src\\controllers\\AsistControllers.ts": {"path":"C:\\Users\\mateo\\OneDrive\\Documentos\\UAI\\7mo Semestre\\Programación profesional\\PROYECTO SEMESTRAL\\FZ_XYZ\\server\\src\\controllers\\AsistControllers.ts","statementMap":{"0":{"start":{"line":1,"column":0},"end":{"line":1,"column":40}},"1":{"start":{"line":5,"column":2},"end":{"line":14,"column":3}},"2":{"start":{"line":6,"column":17},"end":{"line":6,"column":37}},"3":{"start":{"line":7,"column":22},"end":{"line":7,"column":88}},"4":{"start":{"line":7,"column":42},"end":{"line":7,"column":87}},"5":{"start":{"line":8,"column":3},"end":{"line":8,"column":27}},"6":{"start":{"line":9,"column":3},"end":{"line":9,"column":24}},"7":{"start":{"line":11,"column":3},"end":{"line":11,"column":22}},"8":{"start":{"line":13,"column":3},"end":{"line":13,"column":52}},"9":{"start":{"line":18,"column":2},"end":{"line":33,"column":3}},"10":{"start":{"line":19,"column":3},"end":{"line":19,"column":25}},"11":{"start":{"line":20,"column":17},"end":{"line":20,"column":31}},"12":{"start":{"line":21,"column":16},"end":{"line":21,"column":29}},"13":{"start":{"line":23,"column":22},"end":{"line":23,"column":69}},"14":{"start":{"line":24,"column":3},"end":{"line":27,"column":4}},"15":{"start":{"line":25,"column":18},"end":{"line":25,"column":76}},"16":{"start":{"line":26,"column":4},"end":{"line":26,"column":58}},"17":{"start":{"line":28,"column":3},"end":{"line":28,"column":null}},"18":{"start":{"line":30,"column":3},"end":{"line":30,"column":22}},"19":{"start":{"line":32,"column":3},"end":{"line":32,"column":52}},"20":{"start":{"line":3,"column":0},"end":{"line":3,"column":13}}},"fnMap":{"0":{"name":"(anonymous_1)","decl":{"start":{"line":4,"column":1},"end":{"line":4,"column":7}},"loc":{"start":{"line":4,"column":31},"end":{"line":15,"column":2}}},"1":{"name":"(anonymous_2)","decl":{"start":{"line":7,"column":32},"end":{"line":7,"column":33}},"loc":{"start":{"line":7,"column":42},"end":{"line":7,"column":87}}},"2":{"name":"(anonymous_3)","decl":{"start":{"line":17,"column":1},"end":{"line":17,"column":7}},"loc":{"start":{"line":17,"column":30},"end":{"line":34,"column":2}}}},"branchMap":{"0":{"loc":{"start":{"line":24,"column":3},"end":{"line":27,"column":4}},"type":"if","locations":[{"start":{"line":24,"column":3},"end":{"line":27,"column":4}}]}},"s":{"0":1,"1":1,"2":1,"3":1,"4":2,"5":1,"6":1,"7":0,"8":0,"9":1,"10":1,"11":1,"12":1,"13":1,"14":1,"15":0,"16":0,"17":1,"18":0,"19":0,"20":1},"f":{"0":1,"1":2,"2":1},"b":{"0":[0]}}
,"C:\\Users\\mateo\\OneDrive\\Documentos\\UAI\\7mo Semestre\\Programación profesional\\PROYECTO SEMESTRAL\\FZ_XYZ\\server\\src\\controllers\\AuthControllers.ts": {"path":"C:\\Users\\mateo\\OneDrive\\Documentos\\UAI\\7mo Semestre\\Programación profesional\\PROYECTO SEMESTRAL\\FZ_XYZ\\server\\src\\controllers\\AuthControllers.ts","statementMap":{"0":{"start":{"line":2,"column":0},"end":{"line":2,"column":42}},"1":{"start":{"line":3,"column":0},"end":{"line":3,"column":28}},"2":{"start":{"line":4,"column":0},"end":{"line":4,"column":42}},"3":{"start":{"line":5,"column":0},"end":{"line":5,"column":53}},"4":{"start":{"line":6,"column":0},"end":{"line":6,"column":51}},"5":{"start":{"line":7,"column":0},"end":{"line":7,"column":46}},"6":{"start":{"line":8,"column":0},"end":{"line":8,"column":43}},"7":{"start":{"line":9,"column":0},"end":{"line":9,"column":40}},"8":{"start":{"line":13,"column":24},"end":{"line":78,"column":2}},"9":{"start":{"line":14,"column":2},"end":{"line":77,"column":3}},"10":{"start":{"line":15,"column":3},"end":{"line":15,"column":47}},"11":{"start":{"line":18,"column":23},"end":{"line":18,"column":79}},"12":{"start":{"line":19,"column":3},"end":{"line":19,"column":50}},"13":{"start":{"line":22,"column":3},"end":{"line":28,"column":4}},"14":{"start":{"line":23,"column":4},"end":{"line":23,"column":41}},"15":{"start":{"line":24,"column":17},"end":{"line":24,"column":27}},"16":{"start":{"line":25,"column":4},"end":{"line":25,"column":32}},"17":{"start":{"line":26,"column":4},"end":{"line":26,"column":30}},"18":{"start":{"line":27,"column":4},"end":{"line":27,"column":44}},"19":{"start":{"line":32,"column":16},"end":{"line":32,"column":72}},"20":{"start":{"line":33,"column":3},"end":{"line":33,"column":59}},"21":{"start":{"line":36,"column":23},"end":{"line":36,"column":77}},"22":{"start":{"line":39,"column":3},"end":{"line":42,"column":4}},"23":{"start":{"line":40,"column":18},"end":{"line":40,"column":68}},"24":{"start":{"line":41,"column":4},"end":{"line":41,"column":58}},"25":{"start":{"line":45,"column":17},"end":{"line":45,"column":28}},"26":{"start":{"line":48,"column":16},"end":{"line":48,"column":40}},"27":{"start":{"line":49,"column":3},"end":{"line":49,"column":63}},"28":{"start":{"line":50,"column":3},"end":{"line":50,"column":29}},"29":{"start":{"line":51,"column":3},"end":{"line":51,"column":22}},"30":{"start":{"line":54,"column":17},"end":{"line":54,"column":28}},"31":{"start":{"line":55,"column":3},"end":{"line":55,"column":39}},"32":{"start":{"line":56,"column":3},"end":{"line":56,"column":29}},"33":{"start":{"line":60,"column":3},"end":{"line":60,"column":39}},"34":{"start":{"line":63,"column":3},"end":{"line":69,"column":6}},"35":{"start":{"line":71,"column":3},"end":{"line":71,"column":58}},"36":{"start":{"line":73,"column":3},"end":{"line":73,"column":63}},"37":{"start":{"line":75,"column":3},"end":{"line":75,"column":22}},"38":{"start":{"line":76,"column":3},"end":{"line":76,"column":52}},"39":{"start":{"line":81,"column":25},"end":{"line":118,"column":2}},"40":{"start":{"line":82,"column":2},"end":{"line":117,"column":3}},"41":{"start":{"line":84,"column":21},"end":{"line":84,"column":29}},"42":{"start":{"line":87,"column":22},"end":{"line":89,"column":5}},"43":{"start":{"line":92,"column":3},"end":{"line":95,"column":4}},"44":{"start":{"line":93,"column":18},"end":{"line":93,"column":46}},"45":{"start":{"line":94,"column":4},"end":{"line":94,"column":58}},"46":{"start":{"line":98,"column":3},"end":{"line":101,"column":4}},"47":{"start":{"line":99,"column":18},"end":{"line":99,"column":46}},"48":{"start":{"line":100,"column":4},"end":{"line":100,"column":58}},"49":{"start":{"line":104,"column":17},"end":{"line":106,"column":5}},"50":{"start":{"line":109,"column":3},"end":{"line":109,"column":24}},"51":{"start":{"line":113,"column":3},"end":{"line":113,"column":94}},"52":{"start":{"line":114,"column":3},"end":{"line":114,"column":46}},"53":{"start":{"line":116,"column":3},"end":{"line":116,"column":38}},"54":{"start":{"line":121,"column":16},"end":{"line":174,"column":2}},"55":{"start":{"line":122,"column":2},"end":{"line":173,"column":20}},"56":{"start":{"line":123,"column":31},"end":{"line":123,"column":39}},"57":{"start":{"line":126,"column":16},"end":{"line":126,"column":63}},"58":{"start":{"line":129,"column":3},"end":{"line":132,"column":4}},"59":{"start":{"line":130,"column":18},"end":{"line":130,"column":52}},"60":{"start":{"line":131,"column":4},"end":{"line":131,"column":58}},"61":{"start":{"line":135,"column":17},"end":{"line":135,"column":71}},"62":{"start":{"line":138,"column":3},"end":{"line":159,"column":4}},"63":{"start":{"line":141,"column":18},"end":{"line":141,"column":29}},"64":{"start":{"line":142,"column":4},"end":{"line":142,"column":30}},"65":{"start":{"line":143,"column":4},"end":{"line":143,"column":40}},"66":{"start":{"line":144,"column":4},"end":{"line":144,"column":23}},"67":{"start":{"line":147,"column":4},"end":{"line":153,"column":7}},"68":{"start":{"line":155,"column":18},"end":{"line":156,"column":null}},"69":{"start":{"line":158,"column":4},"end":{"line":158,"column":58}},"70":{"start":{"line":161,"column":29},"end":{"line":161,"column":74}},"71":{"start":{"line":163,"column":3},"end":{"line":166,"column":4}},"72":{"start":{"line":164,"column":18},"end":{"line":164,"column":50}},"73":{"start":{"line":165,"column":4},"end":{"line":165,"column":58}},"74":{"start":{"line":169,"column":3},"end":{"line":169,"column":24}},"75":{"start":{"line":170,"column":17},"end":{"line":170,"column":46}},"76":{"start":{"line":171,"column":3},"end":{"line":171,"column":26}},"77":{"start":{"line":172,"column":3},"end":{"line":172,"column":19}},"78":{"start":{"line":177,"column":34},"end":{"line":230,"column":2}},"79":{"start":{"line":178,"column":2},"end":{"line":229,"column":3}},"80":{"start":{"line":180,"column":21},"end":{"line":180,"column":29}},"81":{"start":{"line":183,"column":16},"end":{"line":183,"column":63}},"82":{"start":{"line":186,"column":3},"end":{"line":189,"column":4}},"83":{"start":{"line":187,"column":18},"end":{"line":187,"column":51}},"84":{"start":{"line":188,"column":4},"end":{"line":188,"column":58}},"85":{"start":{"line":191,"column":17},"end":{"line":191,"column":71}},"86":{"start":{"line":193,"column":3},"end":{"line":196,"column":4}},"87":{"start":{"line":194,"column":18},"end":{"line":194,"column":51}},"88":{"start":{"line":195,"column":4},"end":{"line":195,"column":58}},"89":{"start":{"line":199,"column":3},"end":{"line":202,"column":4}},"90":{"start":{"line":200,"column":18},"end":{"line":200,"column":60}},"91":{"start":{"line":201,"column":4},"end":{"line":201,"column":58}},"92":{"start":{"line":206,"column":17},"end":{"line":206,"column":28}},"93":{"start":{"line":207,"column":3},"end":{"line":207,"column":39}},"94":{"start":{"line":208,"column":3},"end":{"line":208,"column":29}},"95":{"start":{"line":209,"column":3},"end":{"line":209,"column":39}},"96":{"start":{"line":212,"column":3},"end":{"line":218,"column":6}},"97":{"start":{"line":221,"column":3},"end":{"line":221,"column":44}},"98":{"start":{"line":224,"column":3},"end":{"line":224,"column":57}},"99":{"start":{"line":226,"column":3},"end":{"line":226,"column":22}},"100":{"start":{"line":228,"column":3},"end":{"line":228,"column":52}},"101":{"start":{"line":234,"column":25},"end":{"line":288,"column":2}},"102":{"start":{"line":235,"column":2},"end":{"line":287,"column":3}},"103":{"start":{"line":237,"column":21},"end":{"line":237,"column":29}},"104":{"start":{"line":241,"column":16},"end":{"line":241,"column":63}},"105":{"start":{"line":245,"column":3},"end":{"line":249,"column":4}},"106":{"start":{"line":247,"column":18},"end":{"line":247,"column":60}},"107":{"start":{"line":248,"column":4},"end":{"line":248,"column":58}},"108":{"start":{"line":252,"column":17},"end":{"line":252,"column":82}},"109":{"start":{"line":255,"column":3},"end":{"line":259,"column":4}},"110":{"start":{"line":257,"column":18},"end":{"line":257,"column":60}},"111":{"start":{"line":258,"column":4},"end":{"line":258,"column":58}},"112":{"start":{"line":263,"column":17},"end":{"line":263,"column":28}},"113":{"start":{"line":264,"column":3},"end":{"line":264,"column":39}},"114":{"start":{"line":265,"column":3},"end":{"line":265,"column":29}},"115":{"start":{"line":266,"column":3},"end":{"line":266,"column":39}},"116":{"start":{"line":269,"column":3},"end":{"line":277,"column":6}},"117":{"start":{"line":280,"column":3},"end":{"line":280,"column":44}},"118":{"start":{"line":283,"column":3},"end":{"line":283,"column":89}},"119":{"start":{"line":286,"column":3},"end":{"line":286,"column":52}},"120":{"start":{"line":292,"column":24},"end":{"line":318,"column":2}},"121":{"start":{"line":293,"column":2},"end":{"line":317,"column":3}},"122":{"start":{"line":295,"column":21},"end":{"line":295,"column":29}},"123":{"start":{"line":298,"column":22},"end":{"line":300,"column":5}},"124":{"start":{"line":303,"column":3},"end":{"line":306,"column":4}},"125":{"start":{"line":304,"column":18},"end":{"line":304,"column":46}},"126":{"start":{"line":305,"column":4},"end":{"line":305,"column":58}},"127":{"start":{"line":309,"column":3},"end":{"line":312,"column":4}},"128":{"start":{"line":310,"column":18},"end":{"line":310,"column":46}},"129":{"start":{"line":311,"column":4},"end":{"line":311,"column":58}},"130":{"start":{"line":314,"column":3},"end":{"line":314,"column":67}},"131":{"start":{"line":316,"column":3},"end":{"line":316,"column":38}},"132":{"start":{"line":322,"column":34},"end":{"line":358,"column":2}},"133":{"start":{"line":323,"column":2},"end":{"line":357,"column":3}},"134":{"start":{"line":325,"column":21},"end":{"line":325,"column":31}},"135":{"start":{"line":326,"column":3},"end":{"line":326,"column":22}},"136":{"start":{"line":329,"column":22},"end":{"line":331,"column":5}},"137":{"start":{"line":334,"column":3},"end":{"line":337,"column":4}},"138":{"start":{"line":335,"column":18},"end":{"line":335,"column":46}},"139":{"start":{"line":336,"column":4},"end":{"line":336,"column":58}},"140":{"start":{"line":340,"column":3},"end":{"line":343,"column":4}},"141":{"start":{"line":341,"column":18},"end":{"line":341,"column":46}},"142":{"start":{"line":342,"column":4},"end":{"line":342,"column":58}},"143":{"start":{"line":346,"column":17},"end":{"line":346,"column":76}},"144":{"start":{"line":349,"column":16},"end":{"line":349,"column":40}},"145":{"start":{"line":350,"column":3},"end":{"line":350,"column":63}},"146":{"start":{"line":353,"column":3},"end":{"line":353,"column":94}},"147":{"start":{"line":354,"column":3},"end":{"line":354,"column":62}},"148":{"start":{"line":356,"column":3},"end":{"line":356,"column":38}},"149":{"start":{"line":360,"column":20},"end":{"line":367,"column":2}},"150":{"start":{"line":361,"column":19},"end":{"line":361,"column":75}},"151":{"start":{"line":362,"column":20},"end":{"line":362,"column":75}},"152":{"start":{"line":363,"column":20},"end":{"line":363,"column":75}},"153":{"start":{"line":364,"column":2},"end":{"line":364,"column":22}},"154":{"start":{"line":365,"column":2},"end":{"line":365,"column":21}},"155":{"start":{"line":366,"column":2},"end":{"line":366,"column":15}},"156":{"start":{"line":369,"column":20},"end":{"line":374,"column":2}},"157":{"start":{"line":370,"column":19},"end":{"line":370,"column":75}},"158":{"start":{"line":371,"column":20},"end":{"line":371,"column":75}},"159":{"start":{"line":372,"column":20},"end":{"line":372,"column":75}},"160":{"start":{"line":373,"column":2},"end":{"line":373,"column":39}},"161":{"start":{"line":11,"column":0},"end":{"line":11,"column":13}}},"fnMap":{"0":{"name":"(anonymous_1)","decl":{"start":{"line":13,"column":24},"end":{"line":13,"column":29}},"loc":{"start":{"line":13,"column":62},"end":{"line":78,"column":2}}},"1":{"name":"(anonymous_2)","decl":{"start":{"line":81,"column":25},"end":{"line":81,"column":30}},"loc":{"start":{"line":81,"column":63},"end":{"line":118,"column":2}}},"2":{"name":"(anonymous_3)","decl":{"start":{"line":121,"column":16},"end":{"line":121,"column":21}},"loc":{"start":{"line":121,"column":54},"end":{"line":174,"column":2}}},"3":{"name":"(anonymous_4)","decl":{"start":{"line":177,"column":34},"end":{"line":177,"column":39}},"loc":{"start":{"line":177,"column":72},"end":{"line":230,"column":2}}},"4":{"name":"(anonymous_5)","decl":{"start":{"line":234,"column":25},"end":{"line":234,"column":30}},"loc":{"start":{"line":234,"column":63},"end":{"line":288,"column":2}}},"5":{"name":"(anonymous_6)","decl":{"start":{"line":292,"column":24},"end":{"line":292,"column":29}},"loc":{"start":{"line":292,"column":62},"end":{"line":318,"column":2}}},"6":{"name":"(anonymous_7)","decl":{"start":{"line":322,"column":34},"end":{"line":322,"column":39}},"loc":{"start":{"line":322,"column":72},"end":{"line":358,"column":2}}},"7":{"name":"(anonymous_8)","decl":{"start":{"line":360,"column":20},"end":{"line":360,"column":25}},"loc":{"start":{"line":360,"column":58},"end":{"line":367,"column":2}}},"8":{"name":"(anonymous_9)","decl":{"start":{"line":369,"column":20},"end":{"line":369,"column":25}},"loc":{"start":{"line":369,"column":58},"end":{"line":374,"column":2}}}},"branchMap":{"0":{"loc":{"start":{"line":22,"column":3},"end":{"line":28,"column":4}},"type":"if","locations":[{"start":{"line":22,"column":3},"end":{"line":28,"column":4}}]},"1":{"loc":{"start":{"line":39,"column":3},"end":{"line":42,"column":4}},"type":"if","locations":[{"start":{"line":39,"column":3},"end":{"line":42,"column":4}}]},"2":{"loc":{"start":{"line":92,"column":3},"end":{"line":95,"column":4}},"type":"if","locations":[{"start":{"line":92,"column":3},"end":{"line":95,"column":4}}]},"3":{"loc":{"start":{"line":98,"column":3},"end":{"line":101,"column":4}},"type":"if","locations":[{"start":{"line":98,"column":3},"end":{"line":101,"column":4}}]},"4":{"loc":{"start":{"line":129,"column":3},"end":{"line":132,"column":4}},"type":"if","locations":[{"start":{"line":129,"column":3},"end":{"line":132,"column":4}}]},"5":{"loc":{"start":{"line":138,"column":3},"end":{"line":159,"column":4}},"type":"if","locations":[{"start":{"line":138,"column":3},"end":{"line":159,"column":4}}]},"6":{"loc":{"start":{"line":163,"column":3},"end":{"line":166,"column":4}},"type":"if","locations":[{"start":{"line":163,"column":3},"end":{"line":166,"column":4}}]},"7":{"loc":{"start":{"line":186,"column":3},"end":{"line":189,"column":4}},"type":"if","locations":[{"start":{"line":186,"column":3},"end":{"line":189,"column":4}}]},"8":{"loc":{"start":{"line":193,"column":3},"end":{"line":196,"column":4}},"type":"if","locations":[{"start":{"line":193,"column":3},"end":{"line":196,"column":4}}]},"9":{"loc":{"start":{"line":199,"column":3},"end":{"line":202,"column":4}},"type":"if","locations":[{"start":{"line":199,"column":3},"end":{"line":202,"column":4}}]},"10":{"loc":{"start":{"line":245,"column":3},"end":{"line":249,"column":4}},"type":"if","locations":[{"start":{"line":245,"column":3},"end":{"line":249,"column":4}}]},"11":{"loc":{"start":{"line":255,"column":3},"end":{"line":259,"column":4}},"type":"if","locations":[{"start":{"line":255,"column":3},"end":{"line":259,"column":4}}]},"12":{"loc":{"start":{"line":303,"column":3},"end":{"line":306,"column":4}},"type":"if","locations":[{"start":{"line":303,"column":3},"end":{"line":306,"column":4}}]},"13":{"loc":{"start":{"line":309,"column":3},"end":{"line":312,"column":4}},"type":"if","locations":[{"start":{"line":309,"column":3},"end":{"line":312,"column":4}}]},"14":{"loc":{"start":{"line":334,"column":3},"end":{"line":337,"column":4}},"type":"if","locations":[{"start":{"line":334,"column":3},"end":{"line":337,"column":4}}]},"15":{"loc":{"start":{"line":340,"column":3},"end":{"line":343,"column":4}},"type":"if","locations":[{"start":{"line":340,"column":3},"end":{"line":343,"column":4}}]}},"s":{"0":1,"1":1,"2":1,"3":1,"4":1,"5":1,"6":1,"7":1,"8":1,"9":1,"10":1,"11":1,"12":1,"13":1,"14":1,"15":1,"16":1,"17":1,"18":1,"19":1,"20":1,"21":1,"22":1,"23":0,"24":0,"25":1,"26":1,"27":1,"28":1,"29":1,"30":1,"31":1,"32":1,"33":1,"34":1,"35":1,"36":1,"37":0,"38":0,"39":1,"40":1,"41":1,"42":1,"43":1,"44":0,"45":0,"46":1,"47":0,"48":0,"49":1,"50":1,"51":1,"52":1,"53":0,"54":1,"55":1,"56":1,"57":1,"58":1,"59":0,"60":0,"61":1,"62":1,"63":0,"64":0,"65":0,"66":0,"67":0,"68":0,"69":0,"70":1,"71":1,"72":0,"73":0,"74":1,"75":1,"76":1,"77":1,"78":1,"79":1,"80":1,"81":1,"82":1,"83":0,"84":0,"85":1,"86":1,"87":0,"88":0,"89":1,"90":0,"91":0,"92":1,"93":1,"94":1,"95":1,"96":1,"97":1,"98":1,"99":0,"100":0,"101":1,"102":1,"103":1,"104":1,"105":1,"106":0,"107":0,"108":1,"109":1,"110":0,"111":0,"112":1,"113":1,"114":1,"115":1,"116":1,"117":1,"118":1,"119":0,"120":1,"121":1,"122":1,"123":1,"124":1,"125":0,"126":0,"127":1,"128":0,"129":0,"130":1,"131":0,"132":1,"133":1,"134":1,"135":1,"136":1,"137":1,"138":0,"139":0,"140":1,"141":0,"142":0,"143":1,"144":1,"145":1,"146":1,"147":1,"148":0,"149":1,"150":1,"151":1,"152":1,"153":1,"154":1,"155":1,"156":1,"157":3,"158":3,"159":3,"160":3,"161":1},"f":{"0":1,"1":1,"2":1,"3":1,"4":1,"5":1,"6":1,"7":1,"8":3},"b":{"0":[1],"1":[0],"2":[0],"3":[0],"4":[0],"5":[0],"6":[0],"7":[0],"8":[0],"9":[0],"10":[0],"11":[0],"12":[0],"13":[0],"14":[0],"15":[0]}}
,"C:\\Users\\mateo\\OneDrive\\Documentos\\UAI\\7mo Semestre\\Programación profesional\\PROYECTO SEMESTRAL\\FZ_XYZ\\server\\src\\middleware\\index.ts": {"path":"C:\\Users\\mateo\\OneDrive\\Documentos\\UAI\\7mo Semestre\\Programación profesional\\PROYECTO SEMESTRAL\\FZ_XYZ\\server\\src\\middleware\\index.ts","statementMap":{"0":{"start":{"line":2,"column":0},"end":{"line":2,"column":53}},"1":{"start":{"line":4,"column":32},"end":{"line":14,"column":1}},"2":{"start":{"line":9,"column":13},"end":{"line":9,"column":34}},"3":{"start":{"line":10,"column":1},"end":{"line":12,"column":2}},"4":{"start":{"line":11,"column":2},"end":{"line":11,"column":56}},"5":{"start":{"line":13,"column":1},"end":{"line":13,"column":8}},"6":{"start":{"line":4,"column":13},"end":{"line":4,"column":32}}},"fnMap":{"0":{"name":"(anonymous_0)","decl":{"start":{"line":4,"column":32},"end":{"line":4,"column":null}},"loc":{"start":{"line":8,"column":4},"end":{"line":14,"column":1}}}},"branchMap":{"0":{"loc":{"start":{"line":10,"column":1},"end":{"line":12,"column":2}},"type":"if","locations":[{"start":{"line":10,"column":1},"end":{"line":12,"column":2}}]}},"s":{"0":1,"1":1,"2":7,"3":7,"4":0,"5":7,"6":1},"f":{"0":7},"b":{"0":[0]}}
,"C:\\Users\\mateo\\OneDrive\\Documentos\\UAI\\7mo Semestre\\Programación profesional\\PROYECTO SEMESTRAL\\FZ_XYZ\\server\\src\\models\\Admin.model.ts": {"path":"C:\\Users\\mateo\\OneDrive\\Documentos\\UAI\\7mo Semestre\\Programación profesional\\PROYECTO SEMESTRAL\\FZ_XYZ\\server\\src\\models\\Admin.model.ts","statementMap":{"0":{"start":{"line":1,"column":0},"end":{"line":1,"column":null}},"1":{"start":{"line":12,"column":0},"end":{"line":12,"column":32}},"2":{"start":{"line":17,"column":0},"end":{"line":45,"column":null}},"3":{"start":{"line":24,"column":9},"end":{"line":24,"column":null}},"4":{"start":{"line":30,"column":9},"end":{"line":30,"column":null}},"5":{"start":{"line":26,"column":19},"end":{"line":26,"column":23}},"6":{"start":{"line":33,"column":9},"end":{"line":33,"column":null}},"7":{"start":{"line":32,"column":18},"end":{"line":32,"column":22}},"8":{"start":{"line":38,"column":9},"end":{"line":38,"column":null}},"9":{"start":{"line":44,"column":9},"end":{"line":44,"column":null}},"10":{"start":{"line":17,"column":6},"end":{"line":45,"column":null}},"11":{"start":{"line":47,"column":0},"end":{"line":47,"column":21}}},"fnMap":{"0":{"name":"(anonymous_3)","decl":{"start":{"line":26,"column":13},"end":{"line":26,"column":16}},"loc":{"start":{"line":26,"column":19},"end":{"line":26,"column":23}}},"1":{"name":"(anonymous_4)","decl":{"start":{"line":32,"column":12},"end":{"line":32,"column":15}},"loc":{"start":{"line":32,"column":18},"end":{"line":32,"column":22}}}},"branchMap":{},"s":{"0":1,"1":1,"2":1,"3":1,"4":1,"5":1,"6":1,"7":2,"8":1,"9":1,"10":1,"11":1},"f":{"0":1,"1":2},"b":{}}
,"C:\\Users\\mateo\\OneDrive\\Documentos\\UAI\\7mo Semestre\\Programación profesional\\PROYECTO SEMESTRAL\\FZ_XYZ\\server\\src\\models\\Registro.model.ts": {"path":"C:\\Users\\mateo\\OneDrive\\Documentos\\UAI\\7mo Semestre\\Programación profesional\\PROYECTO SEMESTRAL\\FZ_XYZ\\server\\src\\models\\Registro.model.ts","statementMap":{"0":{"start":{"line":1,"column":0},"end":{"line":1,"column":120}},"1":{"start":{"line":2,"column":0},"end":{"line":2,"column":32}},"2":{"start":{"line":8,"column":0},"end":{"line":44,"column":null}},"3":{"start":{"line":15,"column":9},"end":{"line":15,"column":null}},"4":{"start":{"line":22,"column":9},"end":{"line":22,"column":null}},"5":{"start":{"line":18,"column":19},"end":{"line":18,"column":23}},"6":{"start":{"line":25,"column":9},"end":{"line":25,"column":null}},"7":{"start":{"line":24,"column":18},"end":{"line":24,"column":22}},"8":{"start":{"line":31,"column":9},"end":{"line":31,"column":null}},"9":{"start":{"line":37,"column":9},"end":{"line":37,"column":null}},"10":{"start":{"line":43,"column":9},"end":{"line":43,"column":null}},"11":{"start":{"line":8,"column":6},"end":{"line":44,"column":null}},"12":{"start":{"line":46,"column":0},"end":{"line":46,"column":24}}},"fnMap":{"0":{"name":"(anonymous_3)","decl":{"start":{"line":18,"column":13},"end":{"line":18,"column":16}},"loc":{"start":{"line":18,"column":19},"end":{"line":18,"column":23}}},"1":{"name":"(anonymous_4)","decl":{"start":{"line":24,"column":12},"end":{"line":24,"column":15}},"loc":{"start":{"line":24,"column":18},"end":{"line":24,"column":22}}}},"branchMap":{},"s":{"0":1,"1":1,"2":1,"3":1,"4":1,"5":1,"6":1,"7":2,"8":1,"9":1,"10":1,"11":1,"12":1},"f":{"0":1,"1":2},"b":{}}
,"C:\\Users\\mateo\\OneDrive\\Documentos\\UAI\\7mo Semestre\\Programación profesional\\PROYECTO SEMESTRAL\\FZ_XYZ\\server\\src\\models\\Token.model.ts": {"path":"C:\\Users\\mateo\\OneDrive\\Documentos\\UAI\\7mo Semestre\\Programación profesional\\PROYECTO SEMESTRAL\\FZ_XYZ\\server\\src\\models\\Token.model.ts","statementMap":{"0":{"start":{"line":1,"column":0},"end":{"line":1,"column":null}},"1":{"start":{"line":13,"column":0},"end":{"line":13,"column":34}},"2":{"start":{"line":18,"column":0},"end":{"line":48,"column":null}},"3":{"start":{"line":25,"column":9},"end":{"line":25,"column":null}},"4":{"start":{"line":31,"column":9},"end":{"line":31,"column":null}},"5":{"start":{"line":38,"column":9},"end":{"line":38,"column":null}},"6":{"start":{"line":34,"column":19},"end":{"line":34,"column":24}},"7":{"start":{"line":41,"column":9},"end":{"line":41,"column":null}},"8":{"start":{"line":40,"column":18},"end":{"line":40,"column":23}},"9":{"start":{"line":47,"column":9},"end":{"line":47,"column":null}},"10":{"start":{"line":18,"column":6},"end":{"line":48,"column":null}},"11":{"start":{"line":50,"column":0},"end":{"line":50,"column":21}}},"fnMap":{"0":{"name":"(anonymous_3)","decl":{"start":{"line":34,"column":13},"end":{"line":34,"column":16}},"loc":{"start":{"line":34,"column":19},"end":{"line":34,"column":24}}},"1":{"name":"(anonymous_4)","decl":{"start":{"line":40,"column":12},"end":{"line":40,"column":15}},"loc":{"start":{"line":40,"column":18},"end":{"line":40,"column":23}}}},"branchMap":{},"s":{"0":1,"1":1,"2":1,"3":1,"4":1,"5":1,"6":1,"7":1,"8":2,"9":1,"10":1,"11":1},"f":{"0":1,"1":2},"b":{}}
,"C:\\Users\\mateo\\OneDrive\\Documentos\\UAI\\7mo Semestre\\Programación profesional\\PROYECTO SEMESTRAL\\FZ_XYZ\\server\\src\\models\\User.model.ts": {"path":"C:\\Users\\mateo\\OneDrive\\Documentos\\UAI\\7mo Semestre\\Programación profesional\\PROYECTO SEMESTRAL\\FZ_XYZ\\server\\src\\models\\User.model.ts","statementMap":{"0":{"start":{"line":1,"column":0},"end":{"line":1,"column":105}},"1":{"start":{"line":6,"column":0},"end":{"line":25,"column":null}},"2":{"start":{"line":13,"column":9},"end":{"line":13,"column":null}},"3":{"start":{"line":19,"column":9},"end":{"line":19,"column":null}},"4":{"start":{"line":24,"column":9},"end":{"line":24,"column":null}},"5":{"start":{"line":6,"column":6},"end":{"line":25,"column":null}},"6":{"start":{"line":27,"column":0},"end":{"line":27,"column":20}}},"fnMap":{},"branchMap":{},"s":{"0":1,"1":1,"2":1,"3":1,"4":1,"5":1,"6":1},"f":{},"b":{}}
,"C:\\Users\\mateo\\OneDrive\\Documentos\\UAI\\7mo Semestre\\Programación profesional\\PROYECTO SEMESTRAL\\FZ_XYZ\\server\\src\\routes\\router.asist.ts": {"path":"C:\\Users\\mateo\\OneDrive\\Documentos\\UAI\\7mo Semestre\\Programación profesional\\PROYECTO SEMESTRAL\\FZ_XYZ\\server\\src\\routes\\router.asist.ts","statementMap":{"0":{"start":{"line":1,"column":0},"end":{"line":1,"column":33}},"1":{"start":{"line":2,"column":0},"end":{"line":2,"column":66}},"2":{"start":{"line":4,"column":20},"end":{"line":4,"column":28}},"3":{"start":{"line":34,"column":0},"end":{"line":34,"column":52}},"4":{"start":{"line":71,"column":0},"end":{"line":71,"column":55}},"5":{"start":{"line":73,"column":0},"end":{"line":73,"column":27}}},"fnMap":{},"branchMap":{},"s":{"0":1,"1":1,"2":1,"3":1,"4":1,"5":1},"f":{},"b":{}}
,"C:\\Users\\mateo\\OneDrive\\Documentos\\UAI\\7mo Semestre\\Programación profesional\\PROYECTO SEMESTRAL\\FZ_XYZ\\server\\src\\routes\\router.auth.ts": {"path":"C:\\Users\\mateo\\OneDrive\\Documentos\\UAI\\7mo Semestre\\Programación profesional\\PROYECTO SEMESTRAL\\FZ_XYZ\\server\\src\\routes\\router.auth.ts","statementMap":{"0":{"start":{"line":1,"column":0},"end":{"line":1,"column":33}},"1":{"start":{"line":2,"column":0},"end":{"line":2,"column":64}},"2":{"start":{"line":3,"column":0},"end":{"line":3,"column":41}},"3":{"start":{"line":4,"column":0},"end":{"line":4,"column":49}},"4":{"start":{"line":5,"column":0},"end":{"line":5,"column":42}},"5":{"start":{"line":110,"column":19},"end":{"line":110,"column":27}},"6":{"start":{"line":140,"column":0},"end":{"line":153,"column":2}},"7":{"start":{"line":145,"column":2},"end":{"line":147,"column":3}},"8":{"start":{"line":146,"column":3},"end":{"line":146,"column":50}},"9":{"start":{"line":148,"column":2},"end":{"line":148,"column":14}},"10":{"start":{"line":187,"column":0},"end":{"line":192,"column":2}},"11":{"start":{"line":221,"column":0},"end":{"line":227,"column":2}},"12":{"start":{"line":257,"column":0},"end":{"line":262,"column":2}},"13":{"start":{"line":292,"column":0},"end":{"line":297,"column":2}},"14":{"start":{"line":331,"column":0},"end":{"line":336,"column":2}},"15":{"start":{"line":377,"column":0},"end":{"line":390,"column":2}},"16":{"start":{"line":383,"column":2},"end":{"line":385,"column":3}},"17":{"start":{"line":384,"column":3},"end":{"line":384,"column":50}},"18":{"start":{"line":386,"column":2},"end":{"line":386,"column":14}},"19":{"start":{"line":413,"column":0},"end":{"line":416,"column":2}},"20":{"start":{"line":415,"column":16},"end":{"line":415,"column":29}},"21":{"start":{"line":450,"column":0},"end":{"line":454,"column":2}},"22":{"start":{"line":487,"column":0},"end":{"line":491,"column":null}},"23":{"start":{"line":493,"column":0},"end":{"line":493,"column":26}}},"fnMap":{"0":{"name":"(anonymous_0)","decl":{"start":{"line":144,"column":38},"end":{"line":144,"column":39}},"loc":{"start":{"line":144,"column":57},"end":{"line":149,"column":2}}},"1":{"name":"(anonymous_1)","decl":{"start":{"line":382,"column":38},"end":{"line":382,"column":39}},"loc":{"start":{"line":382,"column":57},"end":{"line":387,"column":2}}},"2":{"name":"(anonymous_2)","decl":{"start":{"line":415,"column":1},"end":{"line":415,"column":2}},"loc":{"start":{"line":415,"column":14},"end":{"line":415,"column":30}}}},"branchMap":{"0":{"loc":{"start":{"line":145,"column":2},"end":{"line":147,"column":3}},"type":"if","locations":[{"start":{"line":145,"column":2},"end":{"line":147,"column":3}}]},"1":{"loc":{"start":{"line":383,"column":2},"end":{"line":385,"column":3}},"type":"if","locations":[{"start":{"line":383,"column":2},"end":{"line":385,"column":3}}]}},"s":{"0":1,"1":1,"2":1,"3":1,"4":1,"5":1,"6":1,"7":1,"8":0,"9":1,"10":1,"11":1,"12":1,"13":1,"14":1,"15":1,"16":1,"17":0,"18":1,"19":1,"20":1,"21":1,"22":1,"23":1},"f":{"0":1,"1":1,"2":1},"b":{"0":[0],"1":[0]}}
,"C:\\Users\\mateo\\OneDrive\\Documentos\\UAI\\7mo Semestre\\Programación profesional\\PROYECTO SEMESTRAL\\FZ_XYZ\\server\\src\\utils\\auth.ts": {"path":"C:\\Users\\mateo\\OneDrive\\Documentos\\UAI\\7mo Semestre\\Programación profesional\\PROYECTO SEMESTRAL\\FZ_XYZ\\server\\src\\utils\\auth.ts","statementMap":{"0":{"start":{"line":1,"column":0},"end":{"line":1,"column":28}},"1":{"start":{"line":3,"column":29},"end":{"line":5,"column":1}},"2":{"start":{"line":4,"column":1},"end":{"line":4,"column":58}},"3":{"start":{"line":3,"column":13},"end":{"line":3,"column":29}}},"fnMap":{"0":{"name":"(anonymous_1)","decl":{"start":{"line":3,"column":29},"end":{"line":3,"column":34}},"loc":{"start":{"line":3,"column":83},"end":{"line":5,"column":1}}}},"branchMap":{},"s":{"0":1,"1":1,"2":1,"3":1},"f":{"0":1},"b":{}}
,"C:\\Users\\mateo\\OneDrive\\Documentos\\UAI\\7mo Semestre\\Programación profesional\\PROYECTO SEMESTRAL\\FZ_XYZ\\server\\src\\utils\\jwt.ts": {"path":"C:\\Users\\mateo\\OneDrive\\Documentos\\UAI\\7mo Semestre\\Programación profesional\\PROYECTO SEMESTRAL\\FZ_XYZ\\server\\src\\utils\\jwt.ts","statementMap":{"0":{"start":{"line":1,"column":0},"end":{"line":1,"column":31}},"1":{"start":{"line":7,"column":27},"end":{"line":15,"column":1}},"2":{"start":{"line":8,"column":14},"end":{"line":10,"column":3}},"3":{"start":{"line":11,"column":1},"end":{"line":11,"column":23}},"4":{"start":{"line":12,"column":15},"end":{"line":12,"column":75}},"5":{"start":{"line":13,"column":1},"end":{"line":13,"column":30}},"6":{"start":{"line":14,"column":1},"end":{"line":14,"column":14}},"7":{"start":{"line":7,"column":13},"end":{"line":7,"column":27}}},"fnMap":{"0":{"name":"(anonymous_1)","decl":{"start":{"line":7,"column":27},"end":{"line":7,"column":28}},"loc":{"start":{"line":7,"column":52},"end":{"line":15,"column":1}}}},"branchMap":{},"s":{"0":1,"1":1,"2":1,"3":1,"4":1,"5":1,"6":1,"7":1},"f":{"0":1},"b":{}}
,"C:\\Users\\mateo\\OneDrive\\Documentos\\UAI\\7mo Semestre\\Programación profesional\\PROYECTO SEMESTRAL\\FZ_XYZ\\server\\src\\utils\\token.ts": {"path":"C:\\Users\\mateo\\OneDrive\\Documentos\\UAI\\7mo Semestre\\Programación profesional\\PROYECTO SEMESTRAL\\FZ_XYZ\\server\\src\\utils\\token.ts","statementMap":{"0":{"start":{"line":1,"column":35},"end":{"line":2,"column":55}},"1":{"start":{"line":2,"column":1},"end":{"line":2,"column":55}},"2":{"start":{"line":1,"column":13},"end":{"line":1,"column":35}}},"fnMap":{"0":{"name":"(anonymous_0)","decl":{"start":{"line":1,"column":35},"end":{"line":1,"column":38}},"loc":{"start":{"line":2,"column":1},"end":{"line":2,"column":55}}}},"branchMap":{},"s":{"0":1,"1":3,"2":1},"f":{"0":3},"b":{}}
}
