TN:
SF:src\server.ts
FN:7,connectDB
FNF:1
FNH:1
FNDA:1,connectDB
DA:1,1
DA:2,1
DA:3,1
DA:4,1
DA:8,1
DA:9,1
DA:10,1
DA:12,0
DA:16,1
DA:18,1
DA:19,1
DA:20,1
DA:22,1
DA:24,1
DA:25,1
DA:27,1
LF:16
LH:15
BRF:0
BRH:0
end_of_record
TN:
SF:src\config\db.ts
FNF:0
FNH:0
DA:1,1
DA:2,1
DA:5,1
DA:8,1
DA:13,1
LF:5
LH:5
BRF:0
BRH:0
end_of_record
TN:
SF:src\config\nodemailer.ts
FN:3,(anonymous_1)
FNF:1
FNH:1
FNDA:1,(anonymous_1)
DA:1,1
DA:3,1
DA:4,1
DA:14,1
LF:4
LH:4
BRF:0
BRH:0
end_of_record
TN:
SF:src\controllers\AsistControllers.ts
FN:4,(anonymous_1)
FN:7,(anonymous_2)
FN:17,(anonymous_3)
FNF:3
FNH:3
FNDA:1,(anonymous_1)
FNDA:2,(anonymous_2)
FNDA:1,(anonymous_3)
DA:1,1
DA:3,1
DA:5,1
DA:6,1
DA:7,2
DA:8,1
DA:9,1
DA:11,0
DA:13,0
DA:18,1
DA:19,1
DA:20,1
DA:21,1
DA:23,1
DA:24,1
DA:25,0
DA:26,0
DA:28,1
DA:30,0
DA:32,0
LF:20
LH:14
BRDA:24,0,0,0
BRF:1
BRH:0
end_of_record
TN:
SF:src\controllers\AuthControllers.ts
FN:13,(anonymous_1)
FN:81,(anonymous_2)
FN:121,(anonymous_3)
FN:177,(anonymous_4)
FN:234,(anonymous_5)
FN:292,(anonymous_6)
FN:322,(anonymous_7)
FN:360,(anonymous_8)
FN:369,(anonymous_9)
FNF:9
FNH:9
FNDA:1,(anonymous_1)
FNDA:1,(anonymous_2)
FNDA:1,(anonymous_3)
FNDA:1,(anonymous_4)
FNDA:1,(anonymous_5)
FNDA:1,(anonymous_6)
FNDA:1,(anonymous_7)
FNDA:1,(anonymous_8)
FNDA:3,(anonymous_9)
DA:2,1
DA:3,1
DA:4,1
DA:5,1
DA:6,1
DA:7,1
DA:8,1
DA:9,1
DA:11,1
DA:13,1
DA:14,1
DA:15,1
DA:18,1
DA:19,1
DA:22,1
DA:23,1
DA:24,1
DA:25,1
DA:26,1
DA:27,1
DA:32,1
DA:33,1
DA:36,1
DA:39,1
DA:40,0
DA:41,0
DA:45,1
DA:48,1
DA:49,1
DA:50,1
DA:51,1
DA:54,1
DA:55,1
DA:56,1
DA:60,1
DA:63,1
DA:71,1
DA:73,1
DA:75,0
DA:76,0
DA:81,1
DA:82,1
DA:84,1
DA:87,1
DA:92,1
DA:93,0
DA:94,0
DA:98,1
DA:99,0
DA:100,0
DA:104,1
DA:109,1
DA:113,1
DA:114,1
DA:116,0
DA:121,1
DA:122,1
DA:123,1
DA:126,1
DA:129,1
DA:130,0
DA:131,0
DA:135,1
DA:138,1
DA:141,0
DA:142,0
DA:143,0
DA:144,0
DA:147,0
DA:155,0
DA:158,0
DA:161,1
DA:163,1
DA:164,0
DA:165,0
DA:169,1
DA:170,1
DA:171,1
DA:172,1
DA:177,1
DA:178,1
DA:180,1
DA:183,1
DA:186,1
DA:187,0
DA:188,0
DA:191,1
DA:193,1
DA:194,0
DA:195,0
DA:199,1
DA:200,0
DA:201,0
DA:206,1
DA:207,1
DA:208,1
DA:209,1
DA:212,1
DA:221,1
DA:224,1
DA:226,0
DA:228,0
DA:234,1
DA:235,1
DA:237,1
DA:241,1
DA:245,1
DA:247,0
DA:248,0
DA:252,1
DA:255,1
DA:257,0
DA:258,0
DA:263,1
DA:264,1
DA:265,1
DA:266,1
DA:269,1
DA:280,1
DA:283,1
DA:286,0
DA:292,1
DA:293,1
DA:295,1
DA:298,1
DA:303,1
DA:304,0
DA:305,0
DA:309,1
DA:310,0
DA:311,0
DA:314,1
DA:316,0
DA:322,1
DA:323,1
DA:325,1
DA:326,1
DA:329,1
DA:334,1
DA:335,0
DA:336,0
DA:340,1
DA:341,0
DA:342,0
DA:346,1
DA:349,1
DA:350,1
DA:353,1
DA:354,1
DA:356,0
DA:360,1
DA:361,1
DA:362,1
DA:363,1
DA:364,1
DA:365,1
DA:366,1
DA:369,1
DA:370,3
DA:371,3
DA:372,3
DA:373,3
LF:162
LH:119
BRDA:22,0,0,1
BRDA:39,1,0,0
BRDA:92,2,0,0
BRDA:98,3,0,0
BRDA:129,4,0,0
BRDA:138,5,0,0
BRDA:163,6,0,0
BRDA:186,7,0,0
BRDA:193,8,0,0
BRDA:199,9,0,0
BRDA:245,10,0,0
BRDA:255,11,0,0
BRDA:303,12,0,0
BRDA:309,13,0,0
BRDA:334,14,0,0
BRDA:340,15,0,0
BRF:16
BRH:1
end_of_record
TN:
SF:src\middleware\index.ts
FN:4,(anonymous_0)
FNF:1
FNH:1
FNDA:7,(anonymous_0)
DA:2,1
DA:4,1
DA:9,7
DA:10,7
DA:11,0
DA:13,7
LF:6
LH:5
BRDA:10,0,0,0
BRF:1
BRH:0
end_of_record
TN:
SF:src\models\Admin.model.ts
FN:26,(anonymous_3)
FN:32,(anonymous_4)
FNF:2
FNH:2
FNDA:1,(anonymous_3)
FNDA:2,(anonymous_4)
DA:1,1
DA:12,1
DA:17,1
DA:24,1
DA:26,1
DA:30,1
DA:32,2
DA:33,1
DA:38,1
DA:44,1
DA:47,1
LF:11
LH:11
BRF:0
BRH:0
end_of_record
TN:
SF:src\models\Registro.model.ts
FN:18,(anonymous_3)
FN:24,(anonymous_4)
FNF:2
FNH:2
FNDA:1,(anonymous_3)
FNDA:2,(anonymous_4)
DA:1,1
DA:2,1
DA:8,1
DA:15,1
DA:18,1
DA:22,1
DA:24,2
DA:25,1
DA:31,1
DA:37,1
DA:43,1
DA:46,1
LF:12
LH:12
BRF:0
BRH:0
end_of_record
TN:
SF:src\models\Token.model.ts
FN:34,(anonymous_3)
FN:40,(anonymous_4)
FNF:2
FNH:2
FNDA:1,(anonymous_3)
FNDA:2,(anonymous_4)
DA:1,1
DA:13,1
DA:18,1
DA:25,1
DA:31,1
DA:34,1
DA:38,1
DA:40,2
DA:41,1
DA:47,1
DA:50,1
LF:11
LH:11
BRF:0
BRH:0
end_of_record
TN:
SF:src\models\User.model.ts
FNF:0
FNH:0
DA:1,1
DA:6,1
DA:13,1
DA:19,1
DA:24,1
DA:27,1
LF:6
LH:6
BRF:0
BRH:0
end_of_record
TN:
SF:src\routes\router.asist.ts
FNF:0
FNH:0
DA:1,1
DA:2,1
DA:4,1
DA:34,1
DA:71,1
DA:73,1
LF:6
LH:6
BRF:0
BRH:0
end_of_record
TN:
SF:src\routes\router.auth.ts
FN:144,(anonymous_0)
FN:382,(anonymous_1)
FN:415,(anonymous_2)
FNF:3
FNH:3
FNDA:1,(anonymous_0)
FNDA:1,(anonymous_1)
FNDA:1,(anonymous_2)
DA:1,1
DA:2,1
DA:3,1
DA:4,1
DA:5,1
DA:110,1
DA:140,1
DA:145,1
DA:146,0
DA:148,1
DA:187,1
DA:221,1
DA:257,1
DA:292,1
DA:331,1
DA:377,1
DA:383,1
DA:384,0
DA:386,1
DA:413,1
DA:415,1
DA:450,1
DA:487,1
DA:493,1
LF:24
LH:22
BRDA:145,0,0,0
BRDA:383,1,0,0
BRF:2
BRH:0
end_of_record
TN:
SF:src\utils\auth.ts
FN:3,(anonymous_1)
FNF:1
FNH:1
FNDA:1,(anonymous_1)
DA:1,1
DA:3,1
DA:4,1
LF:3
LH:3
BRF:0
BRH:0
end_of_record
TN:
SF:src\utils\jwt.ts
FN:7,(anonymous_1)
FNF:1
FNH:1
FNDA:1,(anonymous_1)
DA:1,1
DA:7,1
DA:8,1
DA:11,1
DA:12,1
DA:13,1
DA:14,1
LF:7
LH:7
BRF:0
BRH:0
end_of_record
TN:
SF:src\utils\token.ts
FN:1,(anonymous_0)
FNF:1
FNH:1
FNDA:3,(anonymous_0)
DA:1,1
DA:2,3
LF:2
LH:2
BRF:0
BRH:0
end_of_record
